Arguments: 
  /usr/bin/node /home/prithvi/.cache/node/corepack/yarn/1.22.19/bin/yarn.js add merge-images--save

PATH: 
  /home/prithvi/.local/bin:/home/prithvi/.local/bin:/usr/local/sbin:/usr/local/bin:/usr/sbin:/usr/bin:/sbin:/bin:/usr/games:/usr/local/games:/snap/bin:/home/prithvi/.local/bin:/home/prithvi/.local/bin

Yarn version: 
  1.22.19

Node version: 
  18.11.0

Platform: 
  linux x64

Trace: 
  Error: https://registry.yarnpkg.com/merge-images--save: Not found
      at params.callback [as _callback] (/home/prithvi/.cache/node/corepack/yarn/1.22.19/lib/cli.js:66145:18)
      at self.callback (/home/prithvi/.cache/node/corepack/yarn/1.22.19/lib/cli.js:140890:22)
      at Request.emit (node:events:513:28)
      at Request.<anonymous> (/home/prithvi/.cache/node/corepack/yarn/1.22.19/lib/cli.js:141862:10)
      at Request.emit (node:events:513:28)
      at IncomingMessage.<anonymous> (/home/prithvi/.cache/node/corepack/yarn/1.22.19/lib/cli.js:141784:12)
      at Object.onceWrapper (node:events:627:28)
      at IncomingMessage.emit (node:events:525:35)
      at endReadableNT (node:internal/streams/readable:1359:12)
      at process.processTicksAndRejections (node:internal/process/task_queues:82:21)

npm manifest: 
  {
    "name": "merge_image",
    "version": "1.0.0",
    "main": "index.js",
    "license": "MIT",
    "devDependencies": {
      "merge-image": "^1.0.0"
    },
    "dependencies": {
      "merge-images": "^2.0.0"
    }
  }

yarn manifest: 
  No manifest

Lockfile: 
  # THIS IS AN AUTOGENERATED FILE. DO NOT EDIT THIS FILE DIRECTLY.
  # yarn lockfile v1
  
  
  merge-image@^1.0.0:
    version "1.0.0"
    resolved "https://registry.yarnpkg.com/merge-image/-/merge-image-1.0.0.tgz#19e04bf6473ec3a6e2b9a7fedd372ccc03b271f7"
    integrity sha512-XZxDYacZfKl5v8vEtGIevkPB2Xkg3mV1/UeOPvq1KWgmGnul4oYORQt+xJw4Kzd5dTRre3DG+3N92GicNRmeOQ==
  
  merge-images@^2.0.0:
    version "2.0.0"
    resolved "https://registry.yarnpkg.com/merge-images/-/merge-images-2.0.0.tgz#4d68d6d90ad8c33a91aced0b5d8660983bf4db3a"
    integrity sha512-bpI4j54n/Zl6ZTgxaR3xWou/lqI53RAAt8peXijW37BKqoON83LQ7XCZqtFiwzBfEXIws1isYyR06584yffAyA==
